2025-08-07 18:21:55,019 [INFO] :rocket: Running Scrapy spider...
2025-08-07 18:21:58,565 [INFO] :white_check_mark: Scraping complete.
2025-08-07 18:21:58,565 [INFO] :inbox_tray: Appending JSON to CSV...
2025-08-07 18:21:58,640 [INFO] :white_check_mark: Append complete.
2025-08-07 18:21:58,640 [INFO] 

2025-08-08 10:00:05,203 [INFO] :rocket: Running Scrapy spider...
2025-08-08 10:00:07,859 [INFO] :white_check_mark: Scraping complete.
2025-08-08 10:00:07,859 [INFO] :inbox_tray: Appending JSON to CSV...
2025-08-08 10:00:07,890 [INFO] :white_check_mark: Append complete.
2025-08-08 10:00:07,890 [INFO] 

2025-08-08 10:14:45,072 [INFO] :rocket: Running Scrapy spider...
2025-08-08 10:14:48,015 [INFO] :white_check_mark: Scraping complete.
2025-08-08 10:14:48,015 [INFO] :inbox_tray: Appending JSON to CSV...
2025-08-08 10:14:48,046 [INFO] :white_check_mark: Append complete.
2025-08-08 10:14:48,046 [INFO] 

2025-08-09 04:02:42,371 [INFO] :rocket: Running Scrapy spider...
2025-08-09 04:02:45,383 [INFO] :white_check_mark: Scraping complete.
2025-08-09 04:02:45,383 [INFO] :inbox_tray: Appending JSON to CSV...
2025-08-09 04:02:45,414 [INFO] :white_check_mark: Append complete.
2025-08-09 04:02:45,414 [INFO] 

2025-08-10 04:26:04,092 [INFO] :rocket: Running Scrapy spider...
2025-08-10 04:26:11,200 [INFO] :white_check_mark: Scraping complete.
2025-08-10 04:26:11,200 [INFO] :inbox_tray: Appending JSON to CSV...
2025-08-10 04:26:11,229 [INFO] :white_check_mark: Append complete.
2025-08-10 04:26:11,229 [INFO] 

2025-08-11 04:28:26,888 [INFO] :rocket: Running Scrapy spider...
2025-08-11 04:28:30,685 [INFO] :white_check_mark: Scraping complete.
2025-08-11 04:28:30,685 [INFO] :inbox_tray: Appending JSON to CSV...
2025-08-11 04:28:30,716 [INFO] :white_check_mark: Append complete.
2025-08-11 04:28:30,716 [INFO] 

2025-08-12 04:01:06,919 [INFO] :rocket: Running Scrapy spider...
2025-08-12 04:01:10,850 [INFO] :white_check_mark: Scraping complete.
2025-08-12 04:01:10,850 [INFO] :inbox_tray: Appending JSON to CSV...
2025-08-12 04:01:10,881 [INFO] :white_check_mark: Append complete.
2025-08-12 04:01:10,881 [INFO] 

2025-08-13 04:03:14,571 [INFO] :rocket: Running Scrapy spider...
2025-08-13 04:03:18,248 [INFO] :white_check_mark: Scraping complete.
2025-08-13 04:03:18,248 [INFO] :inbox_tray: Appending JSON to CSV...
2025-08-13 04:03:18,278 [INFO] :white_check_mark: Append complete.
2025-08-13 04:03:18,278 [INFO] 

2025-08-14 04:03:52,212 [INFO] :rocket: Running Scrapy spider...
2025-08-14 04:03:56,067 [INFO] :white_check_mark: Scraping complete.
2025-08-14 04:03:56,067 [INFO] :inbox_tray: Appending JSON to CSV...
2025-08-14 04:03:56,097 [INFO] :white_check_mark: Append complete.
2025-08-14 04:03:56,097 [INFO] 

2025-08-15 04:04:26,706 [INFO] :rocket: Running Scrapy spider...
2025-08-15 04:04:29,202 [INFO] :white_check_mark: Scraping complete.
2025-08-15 04:04:29,203 [INFO] :inbox_tray: Appending JSON to CSV...
2025-08-15 04:04:29,234 [INFO] :white_check_mark: Append complete.
2025-08-15 04:04:29,235 [INFO] 

2025-08-16 03:57:21,150 [INFO] :rocket: Running Scrapy spider...
2025-08-16 03:57:24,400 [INFO] :white_check_mark: Scraping complete.
2025-08-16 03:57:24,400 [INFO] :inbox_tray: Appending JSON to CSV...
2025-08-16 03:57:24,430 [INFO] :white_check_mark: Append complete.
2025-08-16 03:57:24,430 [INFO] 

2025-08-17 04:07:44,794 [INFO] :rocket: Running Scrapy spider...
2025-08-17 04:07:47,930 [INFO] :white_check_mark: Scraping complete.
2025-08-17 04:07:47,930 [INFO] :inbox_tray: Appending JSON to CSV...
2025-08-17 04:07:47,960 [INFO] :white_check_mark: Append complete.
2025-08-17 04:07:47,960 [INFO] 

2025-08-18 04:22:52,256 [INFO] :rocket: Running Scrapy spider...
2025-08-18 04:22:55,494 [INFO] :white_check_mark: Scraping complete.
2025-08-18 04:22:55,494 [INFO] :inbox_tray: Appending JSON to CSV...
2025-08-18 04:22:55,523 [INFO] :white_check_mark: Append complete.
2025-08-18 04:22:55,523 [INFO] 

2025-08-19 03:53:28,504 [INFO] :rocket: Running Scrapy spider...
2025-08-19 03:53:31,186 [INFO] :white_check_mark: Scraping complete.
2025-08-19 03:53:31,186 [INFO] :inbox_tray: Appending JSON to CSV...
2025-08-19 03:53:31,215 [INFO] :white_check_mark: Append complete.
2025-08-19 03:53:31,215 [INFO] 

2025-08-19 06:55:46,355 [INFO] :rocket: Running Scrapy spider...
2025-08-19 06:55:49,150 [INFO] :white_check_mark: Scraping complete.
2025-08-19 06:55:49,150 [INFO] :inbox_tray: Appending JSON to CSV...
2025-08-19 06:55:49,180 [INFO] :white_check_mark: Append complete.
2025-08-19 06:55:49,180 [INFO] 

2025-08-19 11:10:18,322 [INFO] :rocket: Running Scrapy spider...
2025-08-19 11:10:24,196 [INFO] :white_check_mark: Scraping complete.
2025-08-19 11:10:24,196 [INFO] :inbox_tray: Appending JSON to CSV...
2025-08-19 11:10:24,226 [INFO] :white_check_mark: Append complete.
2025-08-19 11:10:24,226 [INFO] 

2025-08-20 05:41:16,360 [INFO] :rocket: Running Scrapy spider...
2025-08-20 05:41:19,189 [INFO] :white_check_mark: Scraping complete.
2025-08-20 05:41:19,189 [INFO] :inbox_tray: Appending JSON to CSV...
2025-08-20 05:41:19,219 [INFO] :white_check_mark: Append complete.
2025-08-20 05:41:19,219 [INFO] 

2025-08-21 05:41:17,716 [INFO] :rocket: Running Scrapy spider...
2025-08-21 05:41:20,752 [INFO] :white_check_mark: Scraping complete.
2025-08-21 05:41:20,752 [INFO] :inbox_tray: Appending JSON to CSV...
2025-08-21 05:41:20,783 [INFO] :white_check_mark: Append complete.
2025-08-21 05:41:20,783 [INFO] 

2025-08-22 05:40:36,807 [INFO] :rocket: Running Scrapy spider...
2025-08-22 05:40:40,130 [INFO] :white_check_mark: Scraping complete.
2025-08-22 05:40:40,131 [INFO] :inbox_tray: Appending JSON to CSV...
2025-08-22 05:40:40,161 [INFO] :white_check_mark: Append complete.
2025-08-22 05:40:40,161 [INFO] 

2025-08-23 05:38:44,175 [INFO] :rocket: Running Scrapy spider...
2025-08-23 05:38:47,303 [INFO] :white_check_mark: Scraping complete.
2025-08-23 05:38:47,304 [INFO] :inbox_tray: Appending JSON to CSV...
2025-08-23 05:38:47,335 [INFO] :white_check_mark: Append complete.
2025-08-23 05:38:47,335 [INFO] 

2025-08-24 05:39:53,005 [INFO] :rocket: Running Scrapy spider...
2025-08-24 05:39:55,545 [INFO] :white_check_mark: Scraping complete.
2025-08-24 05:39:55,545 [INFO] :inbox_tray: Appending JSON to CSV...
2025-08-24 05:39:55,575 [INFO] :white_check_mark: Append complete.
2025-08-24 05:39:55,575 [INFO] 

2025-08-25 05:42:42,931 [INFO] :rocket: Running Scrapy spider...
2025-08-25 05:42:46,360 [INFO] :white_check_mark: Scraping complete.
2025-08-25 05:42:46,361 [INFO] :inbox_tray: Appending JSON to CSV...
2025-08-25 05:42:46,390 [INFO] :white_check_mark: Append complete.
2025-08-25 05:42:46,390 [INFO] 

2025-08-26 05:42:41,941 [INFO] :rocket: Running Scrapy spider...
2025-08-26 05:42:44,169 [INFO] :white_check_mark: Scraping complete.
2025-08-26 05:42:44,170 [INFO] :inbox_tray: Appending JSON to CSV...
2025-08-26 05:42:44,200 [INFO] :white_check_mark: Append complete.
2025-08-26 05:42:44,200 [INFO] 

2025-08-27 05:38:10,176 [INFO] :rocket: Running Scrapy spider...
2025-08-27 05:38:12,763 [INFO] :white_check_mark: Scraping complete.
2025-08-27 05:38:12,763 [INFO] :inbox_tray: Appending JSON to CSV...
2025-08-27 05:38:12,794 [INFO] :white_check_mark: Append complete.
2025-08-27 05:38:12,794 [INFO] 

2025-08-28 05:38:38,128 [INFO] :rocket: Running Scrapy spider...
2025-08-28 05:38:41,049 [INFO] :white_check_mark: Scraping complete.
2025-08-28 05:38:41,049 [INFO] :inbox_tray: Appending JSON to CSV...
2025-08-28 05:38:41,080 [INFO] :white_check_mark: Append complete.
2025-08-28 05:38:41,080 [INFO] 

2025-08-29 05:38:00,376 [INFO] :rocket: Running Scrapy spider...
2025-08-29 05:38:02,561 [INFO] :white_check_mark: Scraping complete.
2025-08-29 05:38:02,562 [INFO] :inbox_tray: Appending JSON to CSV...
2025-08-29 05:38:02,592 [INFO] :white_check_mark: Append complete.
2025-08-29 05:38:02,592 [INFO] 

2025-09-01 05:40:10,176 [INFO] :rocket: Running Scrapy spider...
2025-09-01 05:40:12,520 [INFO] :white_check_mark: Scraping complete.
2025-09-01 05:40:12,521 [INFO] :inbox_tray: Appending JSON to CSV...
2025-09-01 05:40:12,552 [INFO] :white_check_mark: Append complete.
2025-09-01 05:40:12,552 [INFO] 

2025-09-02 05:39:47,508 [INFO] :rocket: Running Scrapy spider...
2025-09-02 05:39:50,851 [INFO] :white_check_mark: Scraping complete.
2025-09-02 05:39:50,851 [INFO] :inbox_tray: Appending JSON to CSV...
2025-09-02 05:39:50,881 [INFO] :white_check_mark: Append complete.
2025-09-02 05:39:50,881 [INFO] 

2025-09-03 05:36:49,339 [INFO] :rocket: Running Scrapy spider...
2025-09-03 05:36:51,663 [INFO] :white_check_mark: Scraping complete.
2025-09-03 05:36:51,663 [INFO] :inbox_tray: Appending JSON to CSV...
2025-09-03 05:36:51,693 [INFO] :white_check_mark: Append complete.
2025-09-03 05:36:51,693 [INFO] 

2025-09-04 05:37:03,310 [INFO] :rocket: Running Scrapy spider...
2025-09-04 05:37:06,506 [INFO] :white_check_mark: Scraping complete.
2025-09-04 05:37:06,506 [INFO] :inbox_tray: Appending JSON to CSV...
2025-09-04 05:37:06,537 [INFO] :white_check_mark: Append complete.
2025-09-04 05:37:06,537 [INFO] 

2025-09-05 05:37:05,829 [INFO] :rocket: Running Scrapy spider...
2025-09-05 05:37:09,140 [INFO] :white_check_mark: Scraping complete.
2025-09-05 05:37:09,140 [INFO] :inbox_tray: Appending JSON to CSV...
2025-09-05 05:37:09,170 [INFO] :white_check_mark: Append complete.
2025-09-05 05:37:09,170 [INFO] 

2025-09-08 05:38:11,047 [INFO] :rocket: Running Scrapy spider...
2025-09-08 05:38:13,673 [INFO] :white_check_mark: Scraping complete.
2025-09-08 05:38:13,673 [INFO] :inbox_tray: Appending JSON to CSV...
2025-09-08 05:38:13,705 [INFO] :white_check_mark: Append complete.
2025-09-08 05:38:13,705 [INFO] 

2025-09-09 05:37:24,018 [INFO] :rocket: Running Scrapy spider...
2025-09-09 05:37:26,666 [INFO] :white_check_mark: Scraping complete.
2025-09-09 05:37:26,666 [INFO] :inbox_tray: Appending JSON to CSV...
2025-09-09 05:37:26,699 [INFO] :white_check_mark: Append complete.
2025-09-09 05:37:26,699 [INFO] 

2025-09-10 05:37:09,157 [INFO] :rocket: Running Scrapy spider...
2025-09-10 05:37:13,078 [INFO] :white_check_mark: Scraping complete.
2025-09-10 05:37:13,078 [INFO] :inbox_tray: Appending JSON to CSV...
2025-09-10 05:37:13,109 [INFO] :white_check_mark: Append complete.
2025-09-10 05:37:13,110 [INFO] 

2025-09-11 05:37:24,792 [INFO] :rocket: Running Scrapy spider...
2025-09-11 05:37:27,826 [INFO] :white_check_mark: Scraping complete.
2025-09-11 05:37:27,826 [INFO] :inbox_tray: Appending JSON to CSV...
2025-09-11 05:37:27,857 [INFO] :white_check_mark: Append complete.
2025-09-11 05:37:27,857 [INFO] 

2025-09-12 05:37:08,311 [INFO] :rocket: Running Scrapy spider...
2025-09-12 05:37:11,901 [INFO] :white_check_mark: Scraping complete.
2025-09-12 05:37:11,901 [INFO] :inbox_tray: Appending JSON to CSV...
2025-09-12 05:37:11,931 [INFO] :white_check_mark: Append complete.
2025-09-12 05:37:11,931 [INFO] 

2025-09-15 05:38:25,298 [INFO] :rocket: Running Scrapy spider...
2025-09-15 05:38:29,256 [INFO] :white_check_mark: Scraping complete.
2025-09-15 05:38:29,257 [INFO] :inbox_tray: Appending JSON to CSV...
2025-09-15 05:38:29,288 [INFO] :white_check_mark: Append complete.
2025-09-15 05:38:29,288 [INFO] 

2025-09-16 05:37:34,235 [INFO] :rocket: Running Scrapy spider...
2025-09-16 05:37:37,934 [INFO] :white_check_mark: Scraping complete.
2025-09-16 05:37:37,934 [INFO] :inbox_tray: Appending JSON to CSV...
2025-09-16 05:37:37,965 [INFO] :white_check_mark: Append complete.
2025-09-16 05:37:37,965 [INFO] 

2025-09-17 05:38:05,736 [INFO] :rocket: Running Scrapy spider...
2025-09-17 05:38:11,643 [INFO] :white_check_mark: Scraping complete.
2025-09-17 05:38:11,643 [INFO] :inbox_tray: Appending JSON to CSV...
2025-09-17 05:38:11,672 [INFO] :white_check_mark: Append complete.
2025-09-17 05:38:11,672 [INFO] 

2025-09-18 05:37:14,644 [INFO] :rocket: Running Scrapy spider...
2025-09-18 05:37:18,837 [INFO] :white_check_mark: Scraping complete.
2025-09-18 05:37:18,837 [INFO] :inbox_tray: Appending JSON to CSV...
2025-09-18 05:37:18,866 [INFO] :white_check_mark: Append complete.
2025-09-18 05:37:18,866 [INFO] 

2025-09-19 05:37:03,762 [INFO] :rocket: Running Scrapy spider...
2025-09-19 05:37:08,157 [INFO] :white_check_mark: Scraping complete.
2025-09-19 05:37:08,157 [INFO] :inbox_tray: Appending JSON to CSV...
2025-09-19 05:37:08,186 [INFO] :white_check_mark: Append complete.
2025-09-19 05:37:08,187 [INFO] 

2025-09-22 05:38:13,317 [INFO] :rocket: Running Scrapy spider...
2025-09-22 05:38:16,468 [INFO] :white_check_mark: Scraping complete.
2025-09-22 05:38:16,468 [INFO] :inbox_tray: Appending JSON to CSV...
2025-09-22 05:38:16,497 [INFO] :white_check_mark: Append complete.
2025-09-22 05:38:16,497 [INFO] 

2025-09-23 05:37:56,127 [INFO] :rocket: Running Scrapy spider...
2025-09-23 05:38:01,214 [INFO] :white_check_mark: Scraping complete.
2025-09-23 05:38:01,214 [INFO] :inbox_tray: Appending JSON to CSV...
2025-09-23 05:38:01,245 [INFO] :white_check_mark: Append complete.
2025-09-23 05:38:01,245 [INFO] 

2025-09-24 05:37:23,846 [INFO] :rocket: Running Scrapy spider...
2025-09-24 05:37:27,235 [INFO] :white_check_mark: Scraping complete.
2025-09-24 05:37:27,235 [INFO] :inbox_tray: Appending JSON to CSV...
2025-09-24 05:37:27,264 [INFO] :white_check_mark: Append complete.
2025-09-24 05:37:27,265 [INFO] 

2025-09-25 05:37:55,557 [INFO] :rocket: Running Scrapy spider...
2025-09-25 05:37:59,850 [INFO] :white_check_mark: Scraping complete.
2025-09-25 05:37:59,850 [INFO] :inbox_tray: Appending JSON to CSV...
2025-09-25 05:37:59,879 [INFO] :white_check_mark: Append complete.
2025-09-25 05:37:59,879 [INFO] 

2025-09-26 05:37:25,507 [INFO] :rocket: Running Scrapy spider...
2025-09-26 05:37:28,529 [INFO] :white_check_mark: Scraping complete.
2025-09-26 05:37:28,529 [INFO] :inbox_tray: Appending JSON to CSV...
2025-09-26 05:37:28,560 [INFO] :white_check_mark: Append complete.
2025-09-26 05:37:28,560 [INFO] 

2025-09-29 05:39:08,602 [INFO] :rocket: Running Scrapy spider...
2025-09-29 05:39:13,164 [INFO] :white_check_mark: Scraping complete.
2025-09-29 05:39:13,164 [INFO] :inbox_tray: Appending JSON to CSV...
2025-09-29 05:39:13,194 [INFO] :white_check_mark: Append complete.
2025-09-29 05:39:13,194 [INFO] 

2025-09-30 05:38:06,614 [INFO] :rocket: Running Scrapy spider...
2025-09-30 05:38:09,559 [INFO] :white_check_mark: Scraping complete.
2025-09-30 05:38:09,559 [INFO] :inbox_tray: Appending JSON to CSV...
2025-09-30 05:38:09,589 [INFO] :white_check_mark: Append complete.
2025-09-30 05:38:09,589 [INFO] 

2025-10-01 05:38:33,408 [INFO] :rocket: Running Scrapy spider...
2025-10-01 05:38:36,517 [INFO] :white_check_mark: Scraping complete.
2025-10-01 05:38:36,517 [INFO] :inbox_tray: Appending JSON to CSV...
2025-10-01 05:38:36,547 [INFO] :white_check_mark: Append complete.
2025-10-01 05:38:36,547 [INFO] 

2025-10-02 05:36:22,388 [INFO] :rocket: Running Scrapy spider...
2025-10-02 05:36:24,633 [INFO] :white_check_mark: Scraping complete.
2025-10-02 05:36:24,633 [INFO] :inbox_tray: Appending JSON to CSV...
2025-10-02 05:36:24,663 [INFO] :white_check_mark: Append complete.
2025-10-02 05:36:24,663 [INFO] 

2025-10-03 05:37:45,704 [INFO] :rocket: Running Scrapy spider...
2025-10-03 05:37:50,258 [INFO] :white_check_mark: Scraping complete.
2025-10-03 05:37:50,258 [INFO] :inbox_tray: Appending JSON to CSV...
2025-10-03 05:37:50,288 [INFO] :white_check_mark: Append complete.
2025-10-03 05:37:50,288 [INFO] 

2025-10-06 05:37:15,044 [INFO] :rocket: Running Scrapy spider...
2025-10-06 05:37:18,650 [INFO] :white_check_mark: Scraping complete.
2025-10-06 05:37:18,650 [INFO] :inbox_tray: Appending JSON to CSV...
2025-10-06 05:37:18,680 [INFO] :white_check_mark: Append complete.
2025-10-06 05:37:18,680 [INFO] 

2025-10-07 05:37:20,093 [INFO] :rocket: Running Scrapy spider...
2025-10-07 05:37:23,032 [INFO] :white_check_mark: Scraping complete.
2025-10-07 05:37:23,033 [INFO] :inbox_tray: Appending JSON to CSV...
2025-10-07 05:37:23,062 [INFO] :white_check_mark: Append complete.
2025-10-07 05:37:23,062 [INFO] 

2025-10-08 05:38:26,310 [INFO] :rocket: Running Scrapy spider...
2025-10-08 05:38:29,772 [INFO] :white_check_mark: Scraping complete.
2025-10-08 05:38:29,772 [INFO] :inbox_tray: Appending JSON to CSV...
2025-10-08 05:38:29,799 [INFO] :white_check_mark: Append complete.
2025-10-08 05:38:29,799 [INFO] 

2025-10-09 05:38:17,908 [INFO] :rocket: Running Scrapy spider...
2025-10-09 05:38:21,791 [INFO] :white_check_mark: Scraping complete.
2025-10-09 05:38:21,791 [INFO] :inbox_tray: Appending JSON to CSV...
2025-10-09 05:38:21,821 [INFO] :white_check_mark: Append complete.
2025-10-09 05:38:21,821 [INFO] 

2025-10-10 05:38:20,310 [INFO] :rocket: Running Scrapy spider...
2025-10-10 05:38:23,115 [INFO] :white_check_mark: Scraping complete.
2025-10-10 05:38:23,116 [INFO] :inbox_tray: Appending JSON to CSV...
2025-10-10 05:38:23,145 [INFO] :white_check_mark: Append complete.
2025-10-10 05:38:23,145 [INFO] 

2025-10-13 05:39:01,179 [INFO] :rocket: Running Scrapy spider...
2025-10-13 05:39:04,807 [INFO] :white_check_mark: Scraping complete.
2025-10-13 05:39:04,807 [INFO] :inbox_tray: Appending JSON to CSV...
2025-10-13 05:39:04,837 [INFO] :white_check_mark: Append complete.
2025-10-13 05:39:04,837 [INFO] 

2025-10-14 05:37:27,394 [INFO] :rocket: Running Scrapy spider...
2025-10-14 05:37:30,824 [INFO] :white_check_mark: Scraping complete.
2025-10-14 05:37:30,824 [INFO] :inbox_tray: Appending JSON to CSV...
2025-10-14 05:37:30,853 [INFO] :white_check_mark: Append complete.
2025-10-14 05:37:30,853 [INFO] 

2025-10-15 05:38:03,706 [INFO] :rocket: Running Scrapy spider...
2025-10-15 05:38:06,947 [INFO] :white_check_mark: Scraping complete.
2025-10-15 05:38:06,947 [INFO] :inbox_tray: Appending JSON to CSV...
2025-10-15 05:38:06,976 [INFO] :white_check_mark: Append complete.
2025-10-15 05:38:06,976 [INFO] 

2025-10-16 05:38:04,868 [INFO] :rocket: Running Scrapy spider...
2025-10-16 05:38:07,832 [INFO] :white_check_mark: Scraping complete.
2025-10-16 05:38:07,832 [INFO] :inbox_tray: Appending JSON to CSV...
2025-10-16 05:38:07,862 [INFO] :white_check_mark: Append complete.
2025-10-16 05:38:07,862 [INFO] 

2025-10-17 05:37:46,903 [INFO] :rocket: Running Scrapy spider...
2025-10-17 05:37:51,176 [INFO] :white_check_mark: Scraping complete.
2025-10-17 05:37:51,176 [INFO] :inbox_tray: Appending JSON to CSV...
2025-10-17 05:37:51,205 [INFO] :white_check_mark: Append complete.
2025-10-17 05:37:51,205 [INFO] 

2025-10-20 05:38:39,361 [INFO] :rocket: Running Scrapy spider...
2025-10-20 05:38:43,481 [INFO] :white_check_mark: Scraping complete.
2025-10-20 05:38:43,481 [INFO] :inbox_tray: Appending JSON to CSV...
2025-10-20 05:38:43,511 [INFO] :white_check_mark: Append complete.
2025-10-20 05:38:43,511 [INFO] 

2025-10-21 05:38:42,477 [INFO] :rocket: Running Scrapy spider...
2025-10-21 05:38:47,362 [INFO] :white_check_mark: Scraping complete.
2025-10-21 05:38:47,362 [INFO] :inbox_tray: Appending JSON to CSV...
2025-10-21 05:38:47,392 [INFO] :white_check_mark: Append complete.
2025-10-21 05:38:47,392 [INFO] 

2025-10-22 05:39:40,007 [INFO] :rocket: Running Scrapy spider...
2025-10-22 05:39:44,082 [INFO] :white_check_mark: Scraping complete.
2025-10-22 05:39:44,082 [INFO] :inbox_tray: Appending JSON to CSV...
2025-10-22 05:39:44,112 [INFO] :white_check_mark: Append complete.
2025-10-22 05:39:44,112 [INFO] 

2025-10-23 05:38:35,663 [INFO] :rocket: Running Scrapy spider...
2025-10-23 05:38:38,269 [INFO] :white_check_mark: Scraping complete.
2025-10-23 05:38:38,269 [INFO] :inbox_tray: Appending JSON to CSV...
2025-10-23 05:38:38,299 [INFO] :white_check_mark: Append complete.
2025-10-23 05:38:38,299 [INFO] 

2025-10-24 05:38:11,983 [INFO] :rocket: Running Scrapy spider...
2025-10-24 05:38:15,440 [INFO] :white_check_mark: Scraping complete.
2025-10-24 05:38:15,440 [INFO] :inbox_tray: Appending JSON to CSV...
2025-10-24 05:38:15,470 [INFO] :white_check_mark: Append complete.
2025-10-24 05:38:15,470 [INFO] 

2025-10-27 05:40:43,938 [INFO] :rocket: Running Scrapy spider...
2025-10-27 05:40:50,848 [INFO] :white_check_mark: Scraping complete.
2025-10-27 05:40:50,848 [INFO] :inbox_tray: Appending JSON to CSV...
2025-10-27 05:40:50,878 [INFO] :white_check_mark: Append complete.
2025-10-27 05:40:50,878 [INFO] 

2025-10-28 05:40:29,834 [INFO] :rocket: Running Scrapy spider...
2025-10-28 05:40:32,623 [INFO] :white_check_mark: Scraping complete.
2025-10-28 05:40:32,623 [INFO] :inbox_tray: Appending JSON to CSV...
2025-10-28 05:40:32,653 [INFO] :white_check_mark: Append complete.
2025-10-28 05:40:32,653 [INFO] 

2025-10-29 05:40:38,978 [INFO] :rocket: Running Scrapy spider...
2025-10-29 05:40:42,151 [INFO] :white_check_mark: Scraping complete.
2025-10-29 05:40:42,152 [INFO] :inbox_tray: Appending JSON to CSV...
2025-10-29 05:40:42,184 [INFO] :white_check_mark: Append complete.
2025-10-29 05:40:42,184 [INFO] 

2025-10-30 05:38:54,434 [INFO] :rocket: Running Scrapy spider...
2025-10-30 05:38:56,989 [INFO] :white_check_mark: Scraping complete.
2025-10-30 05:38:56,989 [INFO] :inbox_tray: Appending JSON to CSV...
2025-10-30 05:38:57,016 [INFO] :white_check_mark: Append complete.
2025-10-30 05:38:57,016 [INFO] 

2025-10-31 05:39:46,781 [INFO] :rocket: Running Scrapy spider...
2025-10-31 05:39:51,399 [INFO] :white_check_mark: Scraping complete.
2025-10-31 05:39:51,399 [INFO] :inbox_tray: Appending JSON to CSV...
2025-10-31 05:39:51,429 [INFO] :white_check_mark: Append complete.
2025-10-31 05:39:51,429 [INFO] 

2025-11-03 05:39:56,813 [INFO] :rocket: Running Scrapy spider...
2025-11-03 05:39:59,471 [INFO] :white_check_mark: Scraping complete.
2025-11-03 05:39:59,471 [INFO] :inbox_tray: Appending JSON to CSV...
2025-11-03 05:39:59,500 [INFO] :white_check_mark: Append complete.
2025-11-03 05:39:59,500 [INFO] 

2025-11-04 05:40:11,448 [INFO] :rocket: Running Scrapy spider...
2025-11-04 05:40:15,942 [INFO] :white_check_mark: Scraping complete.
2025-11-04 05:40:15,943 [INFO] :inbox_tray: Appending JSON to CSV...
2025-11-04 05:40:15,972 [INFO] :white_check_mark: Append complete.
2025-11-04 05:40:15,972 [INFO] 

2025-11-05 05:40:07,572 [INFO] :rocket: Running Scrapy spider...
2025-11-05 05:40:10,396 [INFO] :white_check_mark: Scraping complete.
2025-11-05 05:40:10,396 [INFO] :inbox_tray: Appending JSON to CSV...
2025-11-05 05:40:10,427 [INFO] :white_check_mark: Append complete.
2025-11-05 05:40:10,427 [INFO] 

2025-11-06 05:39:51,154 [INFO] :rocket: Running Scrapy spider...
2025-11-06 05:39:54,267 [INFO] :white_check_mark: Scraping complete.
2025-11-06 05:39:54,267 [INFO] :inbox_tray: Appending JSON to CSV...
2025-11-06 05:39:54,297 [INFO] :white_check_mark: Append complete.
2025-11-06 05:39:54,297 [INFO] 

2025-11-07 05:40:01,213 [INFO] :rocket: Running Scrapy spider...
2025-11-07 05:40:04,886 [INFO] :white_check_mark: Scraping complete.
2025-11-07 05:40:04,886 [INFO] :inbox_tray: Appending JSON to CSV...
2025-11-07 05:40:04,916 [INFO] :white_check_mark: Append complete.
2025-11-07 05:40:04,916 [INFO] 

2025-11-10 05:39:43,908 [INFO] :rocket: Running Scrapy spider...
2025-11-10 05:39:49,148 [INFO] :white_check_mark: Scraping complete.
2025-11-10 05:39:49,148 [INFO] :inbox_tray: Appending JSON to CSV...
2025-11-10 05:39:49,177 [INFO] :white_check_mark: Append complete.
2025-11-10 05:39:49,178 [INFO] 

2025-11-11 05:40:04,288 [INFO] :rocket: Running Scrapy spider...
2025-11-11 05:40:08,991 [INFO] :white_check_mark: Scraping complete.
2025-11-11 05:40:08,992 [INFO] :inbox_tray: Appending JSON to CSV...
2025-11-11 05:40:09,020 [INFO] :white_check_mark: Append complete.
2025-11-11 05:40:09,020 [INFO] 

2025-11-12 05:40:15,022 [INFO] :rocket: Running Scrapy spider...
2025-11-12 05:40:18,672 [INFO] :white_check_mark: Scraping complete.
2025-11-12 05:40:18,672 [INFO] :inbox_tray: Appending JSON to CSV...
2025-11-12 05:40:18,702 [INFO] :white_check_mark: Append complete.
2025-11-12 05:40:18,702 [INFO] 

2025-11-13 05:40:20,047 [INFO] :rocket: Running Scrapy spider...
2025-11-13 05:40:22,877 [INFO] :white_check_mark: Scraping complete.
2025-11-13 05:40:22,877 [INFO] :inbox_tray: Appending JSON to CSV...
2025-11-13 05:40:22,907 [INFO] :white_check_mark: Append complete.
2025-11-13 05:40:22,907 [INFO] 

2025-11-14 05:39:47,917 [INFO] :rocket: Running Scrapy spider...
2025-11-14 05:39:51,701 [INFO] :white_check_mark: Scraping complete.
2025-11-14 05:39:51,702 [INFO] :inbox_tray: Appending JSON to CSV...
2025-11-14 05:39:51,733 [INFO] :white_check_mark: Append complete.
2025-11-14 05:39:51,733 [INFO] 

2025-11-17 05:41:02,720 [INFO] :rocket: Running Scrapy spider...
2025-11-17 05:41:05,808 [INFO] :white_check_mark: Scraping complete.
2025-11-17 05:41:05,808 [INFO] :inbox_tray: Appending JSON to CSV...
2025-11-17 05:41:05,839 [INFO] :white_check_mark: Append complete.
2025-11-17 05:41:05,840 [INFO] 

2025-11-18 05:39:45,953 [INFO] :rocket: Running Scrapy spider...
2025-11-18 05:39:49,789 [INFO] :white_check_mark: Scraping complete.
2025-11-18 05:39:49,789 [INFO] :inbox_tray: Appending JSON to CSV...
2025-11-18 05:39:49,821 [INFO] :white_check_mark: Append complete.
2025-11-18 05:39:49,821 [INFO] 

2025-11-19 05:40:29,706 [INFO] :rocket: Running Scrapy spider...
2025-11-19 05:40:33,212 [INFO] :white_check_mark: Scraping complete.
2025-11-19 05:40:33,212 [INFO] :inbox_tray: Appending JSON to CSV...
2025-11-19 05:40:33,240 [INFO] :white_check_mark: Append complete.
2025-11-19 05:40:33,241 [INFO] 

2025-11-20 05:40:19,011 [INFO] :rocket: Running Scrapy spider...
2025-11-20 05:40:22,352 [INFO] :white_check_mark: Scraping complete.
2025-11-20 05:40:22,352 [INFO] :inbox_tray: Appending JSON to CSV...
2025-11-20 05:40:22,382 [INFO] :white_check_mark: Append complete.
2025-11-20 05:40:22,382 [INFO] 

2025-11-21 05:40:29,660 [INFO] :rocket: Running Scrapy spider...
2025-11-21 05:40:32,754 [INFO] :white_check_mark: Scraping complete.
2025-11-21 05:40:32,754 [INFO] :inbox_tray: Appending JSON to CSV...
2025-11-21 05:40:32,784 [INFO] :white_check_mark: Append complete.
2025-11-21 05:40:32,784 [INFO] 

2025-11-24 05:41:38,074 [INFO] :rocket: Running Scrapy spider...
2025-11-24 05:41:40,508 [INFO] :white_check_mark: Scraping complete.
2025-11-24 05:41:40,508 [INFO] :inbox_tray: Appending JSON to CSV...
2025-11-24 05:41:40,541 [INFO] :white_check_mark: Append complete.
2025-11-24 05:41:40,541 [INFO] 

2025-11-25 05:41:02,605 [INFO] :rocket: Running Scrapy spider...
2025-11-25 05:41:05,679 [INFO] :white_check_mark: Scraping complete.
2025-11-25 05:41:05,679 [INFO] :inbox_tray: Appending JSON to CSV...
2025-11-25 05:41:05,709 [INFO] :white_check_mark: Append complete.
2025-11-25 05:41:05,709 [INFO] 

2025-11-26 05:40:23,273 [INFO] :rocket: Running Scrapy spider...
2025-11-26 05:40:26,696 [INFO] :white_check_mark: Scraping complete.
2025-11-26 05:40:26,696 [INFO] :inbox_tray: Appending JSON to CSV...
2025-11-26 05:40:26,727 [INFO] :white_check_mark: Append complete.
2025-11-26 05:40:26,727 [INFO] 

2025-11-27 05:41:05,807 [INFO] :rocket: Running Scrapy spider...
2025-11-27 05:41:09,761 [INFO] :white_check_mark: Scraping complete.
2025-11-27 05:41:09,761 [INFO] :inbox_tray: Appending JSON to CSV...
2025-11-27 05:41:09,791 [INFO] :white_check_mark: Append complete.
2025-11-27 05:41:09,791 [INFO] 

2025-11-28 05:40:51,679 [INFO] :rocket: Running Scrapy spider...
2025-11-28 05:40:55,551 [INFO] :white_check_mark: Scraping complete.
2025-11-28 05:40:55,552 [INFO] :inbox_tray: Appending JSON to CSV...
2025-11-28 05:40:55,579 [INFO] :white_check_mark: Append complete.
2025-11-28 05:40:55,579 [INFO] 

2025-12-01 05:46:37,157 [INFO] :rocket: Running Scrapy spider...
2025-12-01 05:46:41,427 [INFO] :white_check_mark: Scraping complete.
2025-12-01 05:46:41,427 [INFO] :inbox_tray: Appending JSON to CSV...
2025-12-01 05:46:41,457 [INFO] :white_check_mark: Append complete.
2025-12-01 05:46:41,457 [INFO] 

2025-12-02 05:40:52,704 [INFO] :rocket: Running Scrapy spider...
2025-12-02 05:40:57,424 [INFO] :white_check_mark: Scraping complete.
2025-12-02 05:40:57,424 [INFO] :inbox_tray: Appending JSON to CSV...
2025-12-02 05:40:57,453 [INFO] :white_check_mark: Append complete.
2025-12-02 05:40:57,453 [INFO] 

2025-12-03 05:40:52,196 [INFO] :rocket: Running Scrapy spider...
2025-12-03 05:40:54,820 [INFO] :white_check_mark: Scraping complete.
2025-12-03 05:40:54,820 [INFO] :inbox_tray: Appending JSON to CSV...
2025-12-03 05:40:54,849 [INFO] :white_check_mark: Append complete.
2025-12-03 05:40:54,849 [INFO] 

2025-12-04 05:41:20,610 [INFO] :rocket: Running Scrapy spider...
2025-12-04 05:41:23,610 [INFO] :white_check_mark: Scraping complete.
2025-12-04 05:41:23,610 [INFO] :inbox_tray: Appending JSON to CSV...
2025-12-04 05:41:23,639 [INFO] :white_check_mark: Append complete.
2025-12-04 05:41:23,639 [INFO] 

2025-12-05 05:41:28,977 [INFO] :rocket: Running Scrapy spider...
2025-12-05 05:41:32,432 [INFO] :white_check_mark: Scraping complete.
2025-12-05 05:41:32,432 [INFO] :inbox_tray: Appending JSON to CSV...
2025-12-05 05:41:32,461 [INFO] :white_check_mark: Append complete.
2025-12-05 05:41:32,462 [INFO] 

2025-12-08 05:43:07,463 [INFO] :rocket: Running Scrapy spider...
2025-12-08 05:43:10,150 [INFO] :white_check_mark: Scraping complete.
2025-12-08 05:43:10,150 [INFO] :inbox_tray: Appending JSON to CSV...
2025-12-08 05:43:10,177 [INFO] :white_check_mark: Append complete.
2025-12-08 05:43:10,177 [INFO] 

2025-12-09 05:41:16,006 [INFO] :rocket: Running Scrapy spider...
2025-12-09 05:41:18,712 [INFO] :white_check_mark: Scraping complete.
2025-12-09 05:41:18,712 [INFO] :inbox_tray: Appending JSON to CSV...
2025-12-09 05:41:18,739 [INFO] :white_check_mark: Append complete.
2025-12-09 05:41:18,739 [INFO] 

2025-12-10 05:42:20,737 [INFO] :rocket: Running Scrapy spider...
2025-12-10 05:42:25,151 [INFO] :white_check_mark: Scraping complete.
2025-12-10 05:42:25,151 [INFO] :inbox_tray: Appending JSON to CSV...
2025-12-10 05:42:25,177 [INFO] :white_check_mark: Append complete.
2025-12-10 05:42:25,178 [INFO] 

2025-12-11 05:43:29,273 [INFO] :rocket: Running Scrapy spider...
2025-12-11 05:43:34,029 [INFO] :white_check_mark: Scraping complete.
2025-12-11 05:43:34,029 [INFO] :inbox_tray: Appending JSON to CSV...
2025-12-11 05:43:34,058 [INFO] :white_check_mark: Append complete.
2025-12-11 05:43:34,059 [INFO] 

2025-12-12 05:42:41,941 [INFO] :rocket: Running Scrapy spider...
2025-12-12 05:42:46,279 [INFO] :white_check_mark: Scraping complete.
2025-12-12 05:42:46,279 [INFO] :inbox_tray: Appending JSON to CSV...
2025-12-12 05:42:46,309 [INFO] :white_check_mark: Append complete.
2025-12-12 05:42:46,309 [INFO] 

2025-12-15 05:45:53,003 [INFO] :rocket: Running Scrapy spider...
2025-12-15 05:45:55,343 [INFO] :white_check_mark: Scraping complete.
2025-12-15 05:45:55,343 [INFO] :inbox_tray: Appending JSON to CSV...
2025-12-15 05:45:55,372 [INFO] :white_check_mark: Append complete.
2025-12-15 05:45:55,372 [INFO] 

2025-12-16 05:43:26,421 [INFO] :rocket: Running Scrapy spider...
2025-12-16 05:43:29,100 [INFO] :white_check_mark: Scraping complete.
2025-12-16 05:43:29,100 [INFO] :inbox_tray: Appending JSON to CSV...
2025-12-16 05:43:29,127 [INFO] :white_check_mark: Append complete.
2025-12-16 05:43:29,127 [INFO] 

2025-12-17 05:43:19,472 [INFO] :rocket: Running Scrapy spider...
2025-12-17 05:43:22,272 [INFO] :white_check_mark: Scraping complete.
2025-12-17 05:43:22,273 [INFO] :inbox_tray: Appending JSON to CSV...
2025-12-17 05:43:22,302 [INFO] :white_check_mark: Append complete.
2025-12-17 05:43:22,302 [INFO] 

2025-12-18 05:43:46,706 [INFO] :rocket: Running Scrapy spider...
2025-12-18 05:43:49,694 [INFO] :white_check_mark: Scraping complete.
2025-12-18 05:43:49,694 [INFO] :inbox_tray: Appending JSON to CSV...
2025-12-18 05:43:49,724 [INFO] :white_check_mark: Append complete.
2025-12-18 05:43:49,724 [INFO] 

2025-12-19 05:42:34,047 [INFO] :rocket: Running Scrapy spider...
2025-12-19 05:42:36,987 [INFO] :white_check_mark: Scraping complete.
2025-12-19 05:42:36,988 [INFO] :inbox_tray: Appending JSON to CSV...
2025-12-19 05:42:37,017 [INFO] :white_check_mark: Append complete.
2025-12-19 05:42:37,017 [INFO] 

2025-12-22 05:44:28,746 [INFO] :rocket: Running Scrapy spider...
2025-12-22 05:44:32,092 [INFO] :white_check_mark: Scraping complete.
2025-12-22 05:44:32,092 [INFO] :inbox_tray: Appending JSON to CSV...
2025-12-22 05:44:32,122 [INFO] :white_check_mark: Append complete.
2025-12-22 05:44:32,122 [INFO] 

2025-12-23 05:44:35,606 [INFO] :rocket: Running Scrapy spider...
2025-12-23 05:44:39,508 [INFO] :white_check_mark: Scraping complete.
2025-12-23 05:44:39,508 [INFO] :inbox_tray: Appending JSON to CSV...
2025-12-23 05:44:39,538 [INFO] :white_check_mark: Append complete.
2025-12-23 05:44:39,538 [INFO] 

2025-12-24 05:44:49,968 [INFO] :rocket: Running Scrapy spider...
2025-12-24 05:44:52,942 [INFO] :white_check_mark: Scraping complete.
2025-12-24 05:44:52,942 [INFO] :inbox_tray: Appending JSON to CSV...
2025-12-24 05:44:52,972 [INFO] :white_check_mark: Append complete.
2025-12-24 05:44:52,972 [INFO] 

2025-12-25 05:44:27,987 [INFO] :rocket: Running Scrapy spider...
2025-12-25 05:44:33,012 [INFO] :white_check_mark: Scraping complete.
2025-12-25 05:44:33,013 [INFO] :inbox_tray: Appending JSON to CSV...
2025-12-25 05:44:33,039 [INFO] :white_check_mark: Append complete.
2025-12-25 05:44:33,039 [INFO] 

2025-12-26 05:42:49,225 [INFO] :rocket: Running Scrapy spider...
2025-12-26 05:42:52,297 [INFO] :white_check_mark: Scraping complete.
2025-12-26 05:42:52,298 [INFO] :inbox_tray: Appending JSON to CSV...
2025-12-26 05:42:52,329 [INFO] :white_check_mark: Append complete.
2025-12-26 05:42:52,329 [INFO] 

2025-12-29 05:49:05,975 [INFO] :rocket: Running Scrapy spider...
2025-12-29 05:49:10,049 [INFO] :white_check_mark: Scraping complete.
2025-12-29 05:49:10,049 [INFO] :inbox_tray: Appending JSON to CSV...
2025-12-29 05:49:10,079 [INFO] :white_check_mark: Append complete.
2025-12-29 05:49:10,079 [INFO] 

2025-12-30 05:43:51,219 [INFO] :rocket: Running Scrapy spider...
2025-12-30 05:43:54,086 [INFO] :white_check_mark: Scraping complete.
2025-12-30 05:43:54,086 [INFO] :inbox_tray: Appending JSON to CSV...
2025-12-30 05:43:54,115 [INFO] :white_check_mark: Append complete.
2025-12-30 05:43:54,115 [INFO] 

2025-12-31 05:45:32,928 [INFO] :rocket: Running Scrapy spider...
2025-12-31 05:45:37,511 [INFO] :white_check_mark: Scraping complete.
2025-12-31 05:45:37,511 [INFO] :inbox_tray: Appending JSON to CSV...
2025-12-31 05:45:37,540 [INFO] :white_check_mark: Append complete.
2025-12-31 05:45:37,541 [INFO] 

2026-01-01 05:47:27,075 [INFO] :rocket: Running Scrapy spider...
2026-01-01 05:47:31,040 [INFO] :white_check_mark: Scraping complete.
2026-01-01 05:47:31,040 [INFO] :inbox_tray: Appending JSON to CSV...
2026-01-01 05:47:31,070 [INFO] :white_check_mark: Append complete.
2026-01-01 05:47:31,070 [INFO] 

2026-01-02 05:46:42,658 [INFO] :rocket: Running Scrapy spider...
2026-01-02 05:46:47,601 [INFO] :white_check_mark: Scraping complete.
2026-01-02 05:46:47,601 [INFO] :inbox_tray: Appending JSON to CSV...
2026-01-02 05:46:47,631 [INFO] :white_check_mark: Append complete.
2026-01-02 05:46:47,631 [INFO] 

2026-01-05 05:54:04,614 [INFO] :rocket: Running Scrapy spider...
2026-01-05 05:54:07,778 [INFO] :white_check_mark: Scraping complete.
2026-01-05 05:54:07,778 [INFO] :inbox_tray: Appending JSON to CSV...
2026-01-05 05:54:07,812 [INFO] :white_check_mark: Append complete.
2026-01-05 05:54:07,812 [INFO] 

2026-01-06 05:46:07,104 [INFO] :rocket: Running Scrapy spider...
2026-01-06 05:46:09,937 [WARNING] :warning: Scrapy Errors/Warnings:
2026-01-06 05:46:08 [py.warnings] WARNING: /opt/hostedtoolcache/Python/3.13.11/x64/lib/python3.13/site-packages/scrapy/pipelines/__init__.py:47: ScrapyDeprecationWarning: LoanratesPipeline.process_item() requires a spider argument, this is deprecated and the argument will not be passed in future Scrapy versions. If you need to access the spider instance you can save the crawler instance passed to from_crawler() and use its spider attribute.
  self._check_mw_method_spider_arg(pipe.process_item)
2026-01-06 05:46:09,937 [INFO] :white_check_mark: Scraping complete.
2026-01-06 05:46:09,937 [INFO] :inbox_tray: Appending JSON to CSV...
2026-01-06 05:46:09,965 [INFO] :white_check_mark: Append complete.
2026-01-06 05:46:09,965 [INFO] 

2026-01-07 05:46:08,104 [INFO] :rocket: Running Scrapy spider...
2026-01-07 05:46:11,963 [WARNING] :warning: Scrapy Errors/Warnings:
2026-01-07 05:46:09 [py.warnings] WARNING: /opt/hostedtoolcache/Python/3.13.11/x64/lib/python3.13/site-packages/scrapy/pipelines/__init__.py:47: ScrapyDeprecationWarning: LoanratesPipeline.process_item() requires a spider argument, this is deprecated and the argument will not be passed in future Scrapy versions. If you need to access the spider instance you can save the crawler instance passed to from_crawler() and use its spider attribute.
  self._check_mw_method_spider_arg(pipe.process_item)
2026-01-07 05:46:11,963 [INFO] :white_check_mark: Scraping complete.
2026-01-07 05:46:11,963 [INFO] :inbox_tray: Appending JSON to CSV...
2026-01-07 05:46:11,994 [INFO] :white_check_mark: Append complete.
2026-01-07 05:46:11,994 [INFO] 

2026-01-08 05:45:58,337 [INFO] :rocket: Running Scrapy spider...
2026-01-08 05:46:01,870 [WARNING] :warning: Scrapy Errors/Warnings:
2026-01-08 05:45:59 [py.warnings] WARNING: /opt/hostedtoolcache/Python/3.13.11/x64/lib/python3.13/site-packages/scrapy/pipelines/__init__.py:47: ScrapyDeprecationWarning: LoanratesPipeline.process_item() requires a spider argument, this is deprecated and the argument will not be passed in future Scrapy versions. If you need to access the spider instance you can save the crawler instance passed to from_crawler() and use its spider attribute.
  self._check_mw_method_spider_arg(pipe.process_item)
2026-01-08 05:46:01,870 [INFO] :white_check_mark: Scraping complete.
2026-01-08 05:46:01,870 [INFO] :inbox_tray: Appending JSON to CSV...
2026-01-08 05:46:01,901 [INFO] :white_check_mark: Append complete.
2026-01-08 05:46:01,902 [INFO] 

2026-01-09 05:46:23,652 [INFO] :rocket: Running Scrapy spider...
2026-01-09 05:46:26,626 [WARNING] :warning: Scrapy Errors/Warnings:
2026-01-09 05:46:25 [py.warnings] WARNING: /opt/hostedtoolcache/Python/3.13.11/x64/lib/python3.13/site-packages/scrapy/pipelines/__init__.py:47: ScrapyDeprecationWarning: LoanratesPipeline.process_item() requires a spider argument, this is deprecated and the argument will not be passed in future Scrapy versions. If you need to access the spider instance you can save the crawler instance passed to from_crawler() and use its spider attribute.
  self._check_mw_method_spider_arg(pipe.process_item)
2026-01-09 05:46:26,626 [INFO] :white_check_mark: Scraping complete.
2026-01-09 05:46:26,626 [INFO] :inbox_tray: Appending JSON to CSV...
2026-01-09 05:46:26,656 [INFO] :white_check_mark: Append complete.
2026-01-09 05:46:26,656 [INFO] 

2026-01-12 05:49:55,885 [INFO] :rocket: Running Scrapy spider...
2026-01-12 05:50:00,867 [WARNING] :warning: Scrapy Errors/Warnings:
2026-01-12 05:49:58 [py.warnings] WARNING: /opt/hostedtoolcache/Python/3.13.11/x64/lib/python3.13/site-packages/scrapy/pipelines/__init__.py:47: ScrapyDeprecationWarning: LoanratesPipeline.process_item() requires a spider argument, this is deprecated and the argument will not be passed in future Scrapy versions. If you need to access the spider instance you can save the crawler instance passed to from_crawler() and use its spider attribute.
  self._check_mw_method_spider_arg(pipe.process_item)
2026-01-12 05:50:00,867 [INFO] :white_check_mark: Scraping complete.
2026-01-12 05:50:00,867 [INFO] :inbox_tray: Appending JSON to CSV...
2026-01-12 05:50:00,899 [INFO] :white_check_mark: Append complete.
2026-01-12 05:50:00,899 [INFO] 

2026-01-13 05:45:52,306 [INFO] :rocket: Running Scrapy spider...
2026-01-13 05:45:59,440 [WARNING] :warning: Scrapy Errors/Warnings:
2026-01-13 05:45:54 [py.warnings] WARNING: /opt/hostedtoolcache/Python/3.13.11/x64/lib/python3.13/site-packages/scrapy/pipelines/__init__.py:47: ScrapyDeprecationWarning: LoanratesPipeline.process_item() requires a spider argument, this is deprecated and the argument will not be passed in future Scrapy versions. If you need to access the spider instance you can save the crawler instance passed to from_crawler() and use its spider attribute.
  self._check_mw_method_spider_arg(pipe.process_item)
2026-01-13 05:45:59,440 [INFO] :white_check_mark: Scraping complete.
2026-01-13 05:45:59,440 [INFO] :inbox_tray: Appending JSON to CSV...
2026-01-13 05:45:59,470 [INFO] :white_check_mark: Append complete.
2026-01-13 05:45:59,470 [INFO] 

2026-01-14 05:45:44,486 [INFO] :rocket: Running Scrapy spider...
2026-01-14 05:45:48,564 [WARNING] :warning: Scrapy Errors/Warnings:
2026-01-14 05:45:46 [py.warnings] WARNING: /opt/hostedtoolcache/Python/3.13.11/x64/lib/python3.13/site-packages/scrapy/pipelines/__init__.py:47: ScrapyDeprecationWarning: LoanratesPipeline.process_item() requires a spider argument, this is deprecated and the argument will not be passed in future Scrapy versions. If you need to access the spider instance you can save the crawler instance passed to from_crawler() and use its spider attribute.
  self._check_mw_method_spider_arg(pipe.process_item)
2026-01-14 05:45:48,565 [INFO] :white_check_mark: Scraping complete.
2026-01-14 05:45:48,565 [INFO] :inbox_tray: Appending JSON to CSV...
2026-01-14 05:45:48,595 [INFO] :white_check_mark: Append complete.
2026-01-14 05:45:48,595 [INFO] 

2026-01-15 05:46:40,394 [INFO] :rocket: Running Scrapy spider...
2026-01-15 05:46:43,887 [WARNING] :warning: Scrapy Errors/Warnings:
2026-01-15 05:46:42 [py.warnings] WARNING: /opt/hostedtoolcache/Python/3.13.11/x64/lib/python3.13/site-packages/scrapy/pipelines/__init__.py:47: ScrapyDeprecationWarning: LoanratesPipeline.process_item() requires a spider argument, this is deprecated and the argument will not be passed in future Scrapy versions. If you need to access the spider instance you can save the crawler instance passed to from_crawler() and use its spider attribute.
  self._check_mw_method_spider_arg(pipe.process_item)
2026-01-15 05:46:43,887 [INFO] :white_check_mark: Scraping complete.
2026-01-15 05:46:43,887 [INFO] :inbox_tray: Appending JSON to CSV...
2026-01-15 05:46:43,919 [INFO] :white_check_mark: Append complete.
2026-01-15 05:46:43,919 [INFO] 

2026-01-16 05:45:37,864 [INFO] :rocket: Running Scrapy spider...
2026-01-16 05:45:41,849 [WARNING] :warning: Scrapy Errors/Warnings:
2026-01-16 05:45:39 [py.warnings] WARNING: /opt/hostedtoolcache/Python/3.13.11/x64/lib/python3.13/site-packages/scrapy/pipelines/__init__.py:47: ScrapyDeprecationWarning: LoanratesPipeline.process_item() requires a spider argument, this is deprecated and the argument will not be passed in future Scrapy versions. If you need to access the spider instance you can save the crawler instance passed to from_crawler() and use its spider attribute.
  self._check_mw_method_spider_arg(pipe.process_item)
2026-01-16 05:45:41,849 [INFO] :white_check_mark: Scraping complete.
2026-01-16 05:45:41,849 [INFO] :inbox_tray: Appending JSON to CSV...
2026-01-16 05:45:41,879 [INFO] :white_check_mark: Append complete.
2026-01-16 05:45:41,880 [INFO] 

2026-01-19 05:51:31,216 [INFO] :rocket: Running Scrapy spider...
2026-01-19 05:51:34,456 [WARNING] :warning: Scrapy Errors/Warnings:
2026-01-19 05:51:32 [py.warnings] WARNING: /opt/hostedtoolcache/Python/3.13.11/x64/lib/python3.13/site-packages/scrapy/pipelines/__init__.py:47: ScrapyDeprecationWarning: LoanratesPipeline.process_item() requires a spider argument, this is deprecated and the argument will not be passed in future Scrapy versions. If you need to access the spider instance you can save the crawler instance passed to from_crawler() and use its spider attribute.
  self._check_mw_method_spider_arg(pipe.process_item)
2026-01-19 05:51:34,456 [INFO] :white_check_mark: Scraping complete.
2026-01-19 05:51:34,456 [INFO] :inbox_tray: Appending JSON to CSV...
2026-01-19 05:51:34,486 [INFO] :white_check_mark: Append complete.
2026-01-19 05:51:34,486 [INFO] 

2026-01-20 05:49:52,835 [INFO] :rocket: Running Scrapy spider...
2026-01-20 05:49:56,093 [WARNING] :warning: Scrapy Errors/Warnings:
2026-01-20 05:49:54 [py.warnings] WARNING: /opt/hostedtoolcache/Python/3.13.11/x64/lib/python3.13/site-packages/scrapy/pipelines/__init__.py:47: ScrapyDeprecationWarning: LoanratesPipeline.process_item() requires a spider argument, this is deprecated and the argument will not be passed in future Scrapy versions. If you need to access the spider instance you can save the crawler instance passed to from_crawler() and use its spider attribute.
  self._check_mw_method_spider_arg(pipe.process_item)
2026-01-20 05:49:56,093 [INFO] :white_check_mark: Scraping complete.
2026-01-20 05:49:56,093 [INFO] :inbox_tray: Appending JSON to CSV...
2026-01-20 05:49:56,124 [INFO] :white_check_mark: Append complete.
2026-01-20 05:49:56,124 [INFO] 

2026-01-21 05:49:15,635 [INFO] :rocket: Running Scrapy spider...
2026-01-21 05:49:20,304 [WARNING] :warning: Scrapy Errors/Warnings:
2026-01-21 05:49:18 [py.warnings] WARNING: /opt/hostedtoolcache/Python/3.13.11/x64/lib/python3.13/site-packages/scrapy/pipelines/__init__.py:47: ScrapyDeprecationWarning: LoanratesPipeline.process_item() requires a spider argument, this is deprecated and the argument will not be passed in future Scrapy versions. If you need to access the spider instance you can save the crawler instance passed to from_crawler() and use its spider attribute.
  self._check_mw_method_spider_arg(pipe.process_item)
2026-01-21 05:49:20,304 [INFO] :white_check_mark: Scraping complete.
2026-01-21 05:49:20,304 [INFO] :inbox_tray: Appending JSON to CSV...
2026-01-21 05:49:20,331 [INFO] :white_check_mark: Append complete.
2026-01-21 05:49:20,331 [INFO] 

2026-01-22 05:49:52,710 [INFO] :rocket: Running Scrapy spider...
2026-01-22 05:49:56,437 [WARNING] :warning: Scrapy Errors/Warnings:
2026-01-22 05:49:54 [py.warnings] WARNING: /opt/hostedtoolcache/Python/3.13.11/x64/lib/python3.13/site-packages/scrapy/pipelines/__init__.py:47: ScrapyDeprecationWarning: LoanratesPipeline.process_item() requires a spider argument, this is deprecated and the argument will not be passed in future Scrapy versions. If you need to access the spider instance you can save the crawler instance passed to from_crawler() and use its spider attribute.
  self._check_mw_method_spider_arg(pipe.process_item)
2026-01-22 05:49:56,437 [INFO] :white_check_mark: Scraping complete.
2026-01-22 05:49:56,437 [INFO] :inbox_tray: Appending JSON to CSV...
2026-01-22 05:49:56,467 [INFO] :white_check_mark: Append complete.
2026-01-22 05:49:56,467 [INFO] 

2026-01-23 05:48:24,221 [INFO] :rocket: Running Scrapy spider...
2026-01-23 05:48:27,592 [WARNING] :warning: Scrapy Errors/Warnings:
2026-01-23 05:48:25 [py.warnings] WARNING: /opt/hostedtoolcache/Python/3.13.11/x64/lib/python3.13/site-packages/scrapy/pipelines/__init__.py:47: ScrapyDeprecationWarning: LoanratesPipeline.process_item() requires a spider argument, this is deprecated and the argument will not be passed in future Scrapy versions. If you need to access the spider instance you can save the crawler instance passed to from_crawler() and use its spider attribute.
  self._check_mw_method_spider_arg(pipe.process_item)
2026-01-23 05:48:27,592 [INFO] :white_check_mark: Scraping complete.
2026-01-23 05:48:27,592 [INFO] :inbox_tray: Appending JSON to CSV...
2026-01-23 05:48:27,622 [INFO] :white_check_mark: Append complete.
2026-01-23 05:48:27,622 [INFO] 

2026-01-26 05:51:48,154 [INFO] :rocket: Running Scrapy spider...
2026-01-26 05:51:52,590 [WARNING] :warning: Scrapy Errors/Warnings:
2026-01-26 05:51:49 [py.warnings] WARNING: /opt/hostedtoolcache/Python/3.13.11/x64/lib/python3.13/site-packages/scrapy/pipelines/__init__.py:47: ScrapyDeprecationWarning: LoanratesPipeline.process_item() requires a spider argument, this is deprecated and the argument will not be passed in future Scrapy versions. If you need to access the spider instance you can save the crawler instance passed to from_crawler() and use its spider attribute.
  self._check_mw_method_spider_arg(pipe.process_item)
2026-01-26 05:51:52,590 [INFO] :white_check_mark: Scraping complete.
2026-01-26 05:51:52,590 [INFO] :inbox_tray: Appending JSON to CSV...
2026-01-26 05:51:52,617 [INFO] :white_check_mark: Append complete.
2026-01-26 05:51:52,617 [INFO] 

2026-01-27 05:48:10,333 [INFO] :rocket: Running Scrapy spider...
2026-01-27 05:48:16,470 [WARNING] :warning: Scrapy Errors/Warnings:
2026-01-27 05:48:13 [py.warnings] WARNING: /opt/hostedtoolcache/Python/3.13.11/x64/lib/python3.13/site-packages/scrapy/pipelines/__init__.py:47: ScrapyDeprecationWarning: LoanratesPipeline.process_item() requires a spider argument, this is deprecated and the argument will not be passed in future Scrapy versions. If you need to access the spider instance you can save the crawler instance passed to from_crawler() and use its spider attribute.
  self._check_mw_method_spider_arg(pipe.process_item)
2026-01-27 05:48:16,470 [INFO] :white_check_mark: Scraping complete.
2026-01-27 05:48:16,470 [INFO] :inbox_tray: Appending JSON to CSV...
2026-01-27 05:48:16,501 [INFO] :white_check_mark: Append complete.
2026-01-27 05:48:16,501 [INFO] 

2026-01-28 05:49:03,805 [INFO] :rocket: Running Scrapy spider...
2026-01-28 05:49:07,726 [WARNING] :warning: Scrapy Errors/Warnings:
2026-01-28 05:49:05 [py.warnings] WARNING: /opt/hostedtoolcache/Python/3.13.11/x64/lib/python3.13/site-packages/scrapy/pipelines/__init__.py:47: ScrapyDeprecationWarning: LoanratesPipeline.process_item() requires a spider argument, this is deprecated and the argument will not be passed in future Scrapy versions. If you need to access the spider instance you can save the crawler instance passed to from_crawler() and use its spider attribute.
  self._check_mw_method_spider_arg(pipe.process_item)
2026-01-28 05:49:07,726 [INFO] :white_check_mark: Scraping complete.
2026-01-28 05:49:07,726 [INFO] :inbox_tray: Appending JSON to CSV...
2026-01-28 05:49:07,755 [INFO] :white_check_mark: Append complete.
2026-01-28 05:49:07,756 [INFO] 

2026-01-29 06:03:17,824 [INFO] :rocket: Running Scrapy spider...
2026-01-29 06:03:24,313 [WARNING] :warning: Scrapy Errors/Warnings:
2026-01-29 06:03:20 [py.warnings] WARNING: /opt/hostedtoolcache/Python/3.13.11/x64/lib/python3.13/site-packages/scrapy/pipelines/__init__.py:47: ScrapyDeprecationWarning: LoanratesPipeline.process_item() requires a spider argument, this is deprecated and the argument will not be passed in future Scrapy versions. If you need to access the spider instance you can save the crawler instance passed to from_crawler() and use its spider attribute.
  self._check_mw_method_spider_arg(pipe.process_item)
2026-01-29 06:03:24,314 [INFO] :white_check_mark: Scraping complete.
2026-01-29 06:03:24,314 [INFO] :inbox_tray: Appending JSON to CSV...
2026-01-29 06:03:24,344 [INFO] :white_check_mark: Append complete.
2026-01-29 06:03:24,344 [INFO] 

2026-01-30 06:05:03,891 [INFO] :rocket: Running Scrapy spider...
2026-01-30 06:05:07,232 [WARNING] :warning: Scrapy Errors/Warnings:
2026-01-30 06:05:05 [py.warnings] WARNING: /opt/hostedtoolcache/Python/3.13.11/x64/lib/python3.13/site-packages/scrapy/pipelines/__init__.py:47: ScrapyDeprecationWarning: LoanratesPipeline.process_item() requires a spider argument, this is deprecated and the argument will not be passed in future Scrapy versions. If you need to access the spider instance you can save the crawler instance passed to from_crawler() and use its spider attribute.
  self._check_mw_method_spider_arg(pipe.process_item)
2026-01-30 06:05:07,232 [INFO] :white_check_mark: Scraping complete.
2026-01-30 06:05:07,232 [INFO] :inbox_tray: Appending JSON to CSV...
2026-01-30 06:05:07,262 [INFO] :white_check_mark: Append complete.
2026-01-30 06:05:07,263 [INFO] 

2026-02-02 06:36:30,189 [INFO] :rocket: Running Scrapy spider...
2026-02-02 06:36:34,639 [WARNING] :warning: Scrapy Errors/Warnings:
2026-02-02 06:36:32 [py.warnings] WARNING: /opt/hostedtoolcache/Python/3.13.11/x64/lib/python3.13/site-packages/scrapy/pipelines/__init__.py:47: ScrapyDeprecationWarning: LoanratesPipeline.process_item() requires a spider argument, this is deprecated and the argument will not be passed in future Scrapy versions. If you need to access the spider instance you can save the crawler instance passed to from_crawler() and use its spider attribute.
  self._check_mw_method_spider_arg(pipe.process_item)
2026-02-02 06:36:34,639 [INFO] :white_check_mark: Scraping complete.
2026-02-02 06:36:34,639 [INFO] :inbox_tray: Appending JSON to CSV...
2026-02-02 06:36:34,665 [INFO] :white_check_mark: Append complete.
2026-02-02 06:36:34,665 [INFO] 

2026-02-03 06:08:56,063 [INFO] :rocket: Running Scrapy spider...
2026-02-03 06:08:59,685 [WARNING] :warning: Scrapy Errors/Warnings:
2026-02-03 06:08:58 [py.warnings] WARNING: /opt/hostedtoolcache/Python/3.13.11/x64/lib/python3.13/site-packages/scrapy/pipelines/__init__.py:47: ScrapyDeprecationWarning: LoanratesPipeline.process_item() requires a spider argument, this is deprecated and the argument will not be passed in future Scrapy versions. If you need to access the spider instance you can save the crawler instance passed to from_crawler() and use its spider attribute.
  self._check_mw_method_spider_arg(pipe.process_item)
2026-02-03 06:08:59,685 [INFO] :white_check_mark: Scraping complete.
2026-02-03 06:08:59,685 [INFO] :inbox_tray: Appending JSON to CSV...
2026-02-03 06:08:59,716 [INFO] :white_check_mark: Append complete.
2026-02-03 06:08:59,716 [INFO] 

2026-02-04 06:06:57,195 [INFO] :rocket: Running Scrapy spider...
2026-02-04 06:07:00,312 [WARNING] :warning: Scrapy Errors/Warnings:
2026-02-04 06:06:58 [py.warnings] WARNING: /opt/hostedtoolcache/Python/3.13.11/x64/lib/python3.13/site-packages/scrapy/pipelines/__init__.py:47: ScrapyDeprecationWarning: LoanratesPipeline.process_item() requires a spider argument, this is deprecated and the argument will not be passed in future Scrapy versions. If you need to access the spider instance you can save the crawler instance passed to from_crawler() and use its spider attribute.
  self._check_mw_method_spider_arg(pipe.process_item)
2026-02-04 06:07:00,312 [INFO] :white_check_mark: Scraping complete.
2026-02-04 06:07:00,312 [INFO] :inbox_tray: Appending JSON to CSV...
2026-02-04 06:07:00,343 [INFO] :white_check_mark: Append complete.
2026-02-04 06:07:00,343 [INFO] 

2026-02-05 06:13:29,219 [INFO] :rocket: Running Scrapy spider...
2026-02-05 06:13:32,429 [WARNING] :warning: Scrapy Errors/Warnings:
2026-02-05 06:13:30 [py.warnings] WARNING: /opt/hostedtoolcache/Python/3.13.11/x64/lib/python3.13/site-packages/scrapy/pipelines/__init__.py:47: ScrapyDeprecationWarning: LoanratesPipeline.process_item() requires a spider argument, this is deprecated and the argument will not be passed in future Scrapy versions. If you need to access the spider instance you can save the crawler instance passed to from_crawler() and use its spider attribute.
  self._check_mw_method_spider_arg(pipe.process_item)
2026-02-05 06:13:32,429 [INFO] :white_check_mark: Scraping complete.
2026-02-05 06:13:32,429 [INFO] :inbox_tray: Appending JSON to CSV...
2026-02-05 06:13:32,459 [INFO] :white_check_mark: Append complete.
2026-02-05 06:13:32,459 [INFO] 

2026-02-06 06:10:25,616 [INFO] :rocket: Running Scrapy spider...
2026-02-06 06:10:32,415 [WARNING] :warning: Scrapy Errors/Warnings:
2026-02-06 06:10:29 [py.warnings] WARNING: /opt/hostedtoolcache/Python/3.13.11/x64/lib/python3.13/site-packages/scrapy/pipelines/__init__.py:47: ScrapyDeprecationWarning: LoanratesPipeline.process_item() requires a spider argument, this is deprecated and the argument will not be passed in future Scrapy versions. If you need to access the spider instance you can save the crawler instance passed to from_crawler() and use its spider attribute.
  self._check_mw_method_spider_arg(pipe.process_item)
2026-02-06 06:10:32,415 [INFO] :white_check_mark: Scraping complete.
2026-02-06 06:10:32,415 [INFO] :inbox_tray: Appending JSON to CSV...
2026-02-06 06:10:32,445 [INFO] :white_check_mark: Append complete.
2026-02-06 06:10:32,445 [INFO] 

2026-02-09 06:39:30,709 [INFO] :rocket: Running Scrapy spider...
2026-02-09 06:39:33,685 [WARNING] :warning: Scrapy Errors/Warnings:
2026-02-09 06:39:32 [py.warnings] WARNING: /opt/hostedtoolcache/Python/3.13.11/x64/lib/python3.13/site-packages/scrapy/pipelines/__init__.py:47: ScrapyDeprecationWarning: LoanratesPipeline.process_item() requires a spider argument, this is deprecated and the argument will not be passed in future Scrapy versions. If you need to access the spider instance you can save the crawler instance passed to from_crawler() and use its spider attribute.
  self._check_mw_method_spider_arg(pipe.process_item)
2026-02-09 06:39:33,685 [INFO] :white_check_mark: Scraping complete.
2026-02-09 06:39:33,686 [INFO] :inbox_tray: Appending JSON to CSV...
2026-02-09 06:39:33,716 [INFO] :white_check_mark: Append complete.
2026-02-09 06:39:33,716 [INFO] 

2026-02-10 06:39:56,563 [INFO] :rocket: Running Scrapy spider...
2026-02-10 06:39:59,865 [WARNING] :warning: Scrapy Errors/Warnings:
2026-02-10 06:39:58 [py.warnings] WARNING: /opt/hostedtoolcache/Python/3.13.11/x64/lib/python3.13/site-packages/scrapy/pipelines/__init__.py:47: ScrapyDeprecationWarning: LoanratesPipeline.process_item() requires a spider argument, this is deprecated and the argument will not be passed in future Scrapy versions. If you need to access the spider instance you can save the crawler instance passed to from_crawler() and use its spider attribute.
  self._check_mw_method_spider_arg(pipe.process_item)
2026-02-10 06:39:59,865 [INFO] :white_check_mark: Scraping complete.
2026-02-10 06:39:59,865 [INFO] :inbox_tray: Appending JSON to CSV...
2026-02-10 06:39:59,895 [INFO] :white_check_mark: Append complete.
2026-02-10 06:39:59,895 [INFO] 

2026-02-11 06:37:48,582 [INFO] :rocket: Running Scrapy spider...
2026-02-11 06:37:51,958 [WARNING] :warning: Scrapy Errors/Warnings:
2026-02-11 06:37:49 [py.warnings] WARNING: /opt/hostedtoolcache/Python/3.13.11/x64/lib/python3.13/site-packages/scrapy/pipelines/__init__.py:47: ScrapyDeprecationWarning: LoanratesPipeline.process_item() requires a spider argument, this is deprecated and the argument will not be passed in future Scrapy versions. If you need to access the spider instance you can save the crawler instance passed to from_crawler() and use its spider attribute.
  self._check_mw_method_spider_arg(pipe.process_item)
2026-02-11 06:37:51,958 [INFO] :white_check_mark: Scraping complete.
2026-02-11 06:37:51,958 [INFO] :inbox_tray: Appending JSON to CSV...
2026-02-11 06:37:51,991 [INFO] :white_check_mark: Append complete.
2026-02-11 06:37:51,991 [INFO] 

2026-02-12 06:37:15,350 [INFO] :rocket: Running Scrapy spider...
2026-02-12 06:37:18,442 [WARNING] :warning: Scrapy Errors/Warnings:
2026-02-12 06:37:16 [py.warnings] WARNING: /opt/hostedtoolcache/Python/3.13.11/x64/lib/python3.13/site-packages/scrapy/pipelines/__init__.py:47: ScrapyDeprecationWarning: LoanratesPipeline.process_item() requires a spider argument, this is deprecated and the argument will not be passed in future Scrapy versions. If you need to access the spider instance you can save the crawler instance passed to from_crawler() and use its spider attribute.
  self._check_mw_method_spider_arg(pipe.process_item)
2026-02-12 06:37:18,442 [INFO] :white_check_mark: Scraping complete.
2026-02-12 06:37:18,442 [INFO] :inbox_tray: Appending JSON to CSV...
2026-02-12 06:37:18,472 [INFO] :white_check_mark: Append complete.
2026-02-12 06:37:18,472 [INFO] 

2026-02-13 06:33:13,886 [INFO] :rocket: Running Scrapy spider...
2026-02-13 06:33:18,943 [WARNING] :warning: Scrapy Errors/Warnings:
2026-02-13 06:33:16 [py.warnings] WARNING: /opt/hostedtoolcache/Python/3.13.12/x64/lib/python3.13/site-packages/scrapy/pipelines/__init__.py:47: ScrapyDeprecationWarning: LoanratesPipeline.process_item() requires a spider argument, this is deprecated and the argument will not be passed in future Scrapy versions. If you need to access the spider instance you can save the crawler instance passed to from_crawler() and use its spider attribute.
  self._check_mw_method_spider_arg(pipe.process_item)
2026-02-13 06:33:18,943 [INFO] :white_check_mark: Scraping complete.
2026-02-13 06:33:18,943 [INFO] :inbox_tray: Appending JSON to CSV...
2026-02-13 06:33:18,971 [INFO] :white_check_mark: Append complete.
2026-02-13 06:33:18,971 [INFO] 

2026-02-16 06:38:08,844 [INFO] :rocket: Running Scrapy spider...
2026-02-16 06:38:15,349 [WARNING] :warning: Scrapy Errors/Warnings:
2026-02-16 06:38:10 [py.warnings] WARNING: /opt/hostedtoolcache/Python/3.13.12/x64/lib/python3.13/site-packages/scrapy/pipelines/__init__.py:47: ScrapyDeprecationWarning: LoanratesPipeline.process_item() requires a spider argument, this is deprecated and the argument will not be passed in future Scrapy versions. If you need to access the spider instance you can save the crawler instance passed to from_crawler() and use its spider attribute.
  self._check_mw_method_spider_arg(pipe.process_item)
2026-02-16 06:38:15,349 [INFO] :white_check_mark: Scraping complete.
2026-02-16 06:38:15,349 [INFO] :inbox_tray: Appending JSON to CSV...
2026-02-16 06:38:15,381 [INFO] :white_check_mark: Append complete.
2026-02-16 06:38:15,381 [INFO] 

2026-02-17 06:14:13,276 [INFO] :rocket: Running Scrapy spider...
2026-02-17 06:14:16,458 [WARNING] :warning: Scrapy Errors/Warnings:
2026-02-17 06:14:14 [py.warnings] WARNING: /opt/hostedtoolcache/Python/3.13.12/x64/lib/python3.13/site-packages/scrapy/pipelines/__init__.py:47: ScrapyDeprecationWarning: LoanratesPipeline.process_item() requires a spider argument, this is deprecated and the argument will not be passed in future Scrapy versions. If you need to access the spider instance you can save the crawler instance passed to from_crawler() and use its spider attribute.
  self._check_mw_method_spider_arg(pipe.process_item)
2026-02-17 06:14:16,458 [INFO] :white_check_mark: Scraping complete.
2026-02-17 06:14:16,458 [INFO] :inbox_tray: Appending JSON to CSV...
2026-02-17 06:14:16,489 [INFO] :white_check_mark: Append complete.
2026-02-17 06:14:16,489 [INFO] 

2026-02-18 06:35:36,925 [INFO] :rocket: Running Scrapy spider...
2026-02-18 06:35:41,393 [WARNING] :warning: Scrapy Errors/Warnings:
2026-02-18 06:35:38 [py.warnings] WARNING: /opt/hostedtoolcache/Python/3.13.12/x64/lib/python3.13/site-packages/scrapy/pipelines/__init__.py:47: ScrapyDeprecationWarning: LoanratesPipeline.process_item() requires a spider argument, this is deprecated and the argument will not be passed in future Scrapy versions. If you need to access the spider instance you can save the crawler instance passed to from_crawler() and use its spider attribute.
  self._check_mw_method_spider_arg(pipe.process_item)
2026-02-18 06:35:41,393 [INFO] :white_check_mark: Scraping complete.
2026-02-18 06:35:41,393 [INFO] :inbox_tray: Appending JSON to CSV...
2026-02-18 06:35:41,426 [INFO] :white_check_mark: Append complete.
2026-02-18 06:35:41,426 [INFO] 

2026-02-19 06:34:20,906 [INFO] :rocket: Running Scrapy spider...
2026-02-19 06:34:24,633 [WARNING] :warning: Scrapy Errors/Warnings:
2026-02-19 06:34:23 [py.warnings] WARNING: /opt/hostedtoolcache/Python/3.13.12/x64/lib/python3.13/site-packages/scrapy/pipelines/__init__.py:47: ScrapyDeprecationWarning: LoanratesPipeline.process_item() requires a spider argument, this is deprecated and the argument will not be passed in future Scrapy versions. If you need to access the spider instance you can save the crawler instance passed to from_crawler() and use its spider attribute.
  self._check_mw_method_spider_arg(pipe.process_item)
2026-02-19 06:34:24,633 [INFO] :white_check_mark: Scraping complete.
2026-02-19 06:34:24,633 [INFO] :inbox_tray: Appending JSON to CSV...
2026-02-19 06:34:24,665 [INFO] :white_check_mark: Append complete.
2026-02-19 06:34:24,665 [INFO] 

2026-02-20 06:11:21,922 [INFO] :rocket: Running Scrapy spider...
2026-02-20 06:11:26,418 [WARNING] :warning: Scrapy Errors/Warnings:
2026-02-20 06:11:23 [py.warnings] WARNING: /opt/hostedtoolcache/Python/3.13.11/x64/lib/python3.13/site-packages/scrapy/pipelines/__init__.py:47: ScrapyDeprecationWarning: LoanratesPipeline.process_item() requires a spider argument, this is deprecated and the argument will not be passed in future Scrapy versions. If you need to access the spider instance you can save the crawler instance passed to from_crawler() and use its spider attribute.
  self._check_mw_method_spider_arg(pipe.process_item)
2026-02-20 06:11:26,418 [INFO] :white_check_mark: Scraping complete.
2026-02-20 06:11:26,418 [INFO] :inbox_tray: Appending JSON to CSV...
2026-02-20 06:11:26,448 [INFO] :white_check_mark: Append complete.
2026-02-20 06:11:26,448 [INFO] 

2026-02-23 06:38:42,560 [INFO] :rocket: Running Scrapy spider...
2026-02-23 06:38:46,122 [WARNING] :warning: Scrapy Errors/Warnings:
2026-02-23 06:38:44 [py.warnings] WARNING: /opt/hostedtoolcache/Python/3.13.11/x64/lib/python3.13/site-packages/scrapy/pipelines/__init__.py:47: ScrapyDeprecationWarning: LoanratesPipeline.process_item() requires a spider argument, this is deprecated and the argument will not be passed in future Scrapy versions. If you need to access the spider instance you can save the crawler instance passed to from_crawler() and use its spider attribute.
  self._check_mw_method_spider_arg(pipe.process_item)
2026-02-23 06:38:46,122 [INFO] :white_check_mark: Scraping complete.
2026-02-23 06:38:46,122 [INFO] :inbox_tray: Appending JSON to CSV...
2026-02-23 06:38:46,153 [INFO] :white_check_mark: Append complete.
2026-02-23 06:38:46,153 [INFO] 

2026-02-24 06:32:48,197 [INFO] :rocket: Running Scrapy spider...
2026-02-24 06:32:53,346 [WARNING] :warning: Scrapy Errors/Warnings:
2026-02-24 06:32:50 [py.warnings] WARNING: /opt/hostedtoolcache/Python/3.13.11/x64/lib/python3.13/site-packages/scrapy/pipelines/__init__.py:47: ScrapyDeprecationWarning: LoanratesPipeline.process_item() requires a spider argument, this is deprecated and the argument will not be passed in future Scrapy versions. If you need to access the spider instance you can save the crawler instance passed to from_crawler() and use its spider attribute.
  self._check_mw_method_spider_arg(pipe.process_item)
2026-02-24 06:32:53,346 [INFO] :white_check_mark: Scraping complete.
2026-02-24 06:32:53,346 [INFO] :inbox_tray: Appending JSON to CSV...
2026-02-24 06:32:53,376 [INFO] :white_check_mark: Append complete.
2026-02-24 06:32:53,376 [INFO] 

